[27-Nov-2015 18:19:18 UTC] 
[27-Nov-2015 18:19:18 UTC] PHP Deprecated:  preg_replace(): The /e modifier is deprecated, use preg_replace_callback instead in /Users/JohnS/Documents/fairfax-stars/wordpress/wp-content/themes/reatro/theme/classes/class-frontend.php on line 269
[27-Nov-2015 18:19:18 UTC] PHP Deprecated:  preg_replace(): The /e modifier is deprecated, use preg_replace_callback instead in /Users/JohnS/Documents/fairfax-stars/wordpress/wp-content/themes/reatro/theme/classes/class-frontend.php on line 269
[27-Nov-2015 18:19:18 UTC] PHP Deprecated:  preg_replace(): The /e modifier is deprecated, use preg_replace_callback instead in /Users/JohnS/Documents/fairfax-stars/wordpress/wp-content/themes/reatro/theme/classes/class-frontend.php on line 269
[27-Nov-2015 18:19:47 UTC] thumbnail
[27-Nov-2015 18:19:47 UTC] 
[27-Nov-2015 18:19:47 UTC] PHP Deprecated:  preg_replace(): The /e modifier is deprecated, use preg_replace_callback instead in /Users/JohnS/Documents/fairfax-stars/wordpress/wp-content/themes/reatro/theme/classes/class-frontend.php on line 270
[27-Nov-2015 18:19:47 UTC] PHP Deprecated:  preg_replace(): The /e modifier is deprecated, use preg_replace_callback instead in /Users/JohnS/Documents/fairfax-stars/wordpress/wp-content/themes/reatro/theme/classes/class-frontend.php on line 270
[27-Nov-2015 18:19:47 UTC] PHP Deprecated:  preg_replace(): The /e modifier is deprecated, use preg_replace_callback instead in /Users/JohnS/Documents/fairfax-stars/wordpress/wp-content/themes/reatro/theme/classes/class-frontend.php on line 270
[27-Nov-2015 18:21:39 UTC] thumbnail
[27-Nov-2015 18:21:39 UTC] 
[27-Nov-2015 18:21:39 UTC] thumbnail
[27-Nov-2015 18:21:39 UTC] 
[27-Nov-2015 18:21:39 UTC] PHP Deprecated:  preg_replace(): The /e modifier is deprecated, use preg_replace_callback instead in /Users/JohnS/Documents/fairfax-stars/wordpress/wp-content/themes/reatro/theme/classes/class-frontend.php on line 270
[27-Nov-2015 18:21:39 UTC] PHP Deprecated:  preg_replace(): The /e modifier is deprecated, use preg_replace_callback instead in /Users/JohnS/Documents/fairfax-stars/wordpress/wp-content/themes/reatro/theme/classes/class-frontend.php on line 270
[27-Nov-2015 18:21:39 UTC] PHP Deprecated:  preg_replace(): The /e modifier is deprecated, use preg_replace_callback instead in /Users/JohnS/Documents/fairfax-stars/wordpress/wp-content/themes/reatro/theme/classes/class-frontend.php on line 270
[27-Nov-2015 18:23:14 UTC] thumbnail
[27-Nov-2015 18:23:14 UTC] 
[27-Nov-2015 18:23:14 UTC] thumbnail
[27-Nov-2015 18:23:14 UTC] 
[27-Nov-2015 18:23:15 UTC] PHP Deprecated:  preg_replace(): The /e modifier is deprecated, use preg_replace_callback instead in /Users/JohnS/Documents/fairfax-stars/wordpress/wp-content/themes/reatro/theme/classes/class-frontend.php on line 270
[27-Nov-2015 18:23:15 UTC] PHP Deprecated:  preg_replace(): The /e modifier is deprecated, use preg_replace_callback instead in /Users/JohnS/Documents/fairfax-stars/wordpress/wp-content/themes/reatro/theme/classes/class-frontend.php on line 270
[27-Nov-2015 18:23:15 UTC] PHP Deprecated:  preg_replace(): The /e modifier is deprecated, use preg_replace_callback instead in /Users/JohnS/Documents/fairfax-stars/wordpress/wp-content/themes/reatro/theme/classes/class-frontend.php on line 270
[27-Nov-2015 18:23:20 UTC] thumbnail
[27-Nov-2015 18:23:20 UTC] 
[27-Nov-2015 18:23:20 UTC] thumbnail
[27-Nov-2015 18:23:20 UTC] 
[27-Nov-2015 18:23:20 UTC] PHP Deprecated:  preg_replace(): The /e modifier is deprecated, use preg_replace_callback instead in /Users/JohnS/Documents/fairfax-stars/wordpress/wp-content/themes/reatro/theme/classes/class-frontend.php on line 270
[27-Nov-2015 18:23:20 UTC] PHP Deprecated:  preg_replace(): The /e modifier is deprecated, use preg_replace_callback instead in /Users/JohnS/Documents/fairfax-stars/wordpress/wp-content/themes/reatro/theme/classes/class-frontend.php on line 270
[27-Nov-2015 18:23:20 UTC] PHP Deprecated:  preg_replace(): The /e modifier is deprecated, use preg_replace_callback instead in /Users/JohnS/Documents/fairfax-stars/wordpress/wp-content/themes/reatro/theme/classes/class-frontend.php on line 270
[27-Nov-2015 18:23:26 UTC] thumbnail
[27-Nov-2015 18:23:26 UTC] 
[27-Nov-2015 18:23:26 UTC] thumbnail
[27-Nov-2015 18:23:26 UTC] 
[27-Nov-2015 18:23:26 UTC] PHP Deprecated:  preg_replace(): The /e modifier is deprecated, use preg_replace_callback instead in /Users/JohnS/Documents/fairfax-stars/wordpress/wp-content/themes/reatro/theme/classes/class-frontend.php on line 270
[27-Nov-2015 18:23:26 UTC] PHP Deprecated:  preg_replace(): The /e modifier is deprecated, use preg_replace_callback instead in /Users/JohnS/Documents/fairfax-stars/wordpress/wp-content/themes/reatro/theme/classes/class-frontend.php on line 270
[27-Nov-2015 18:23:26 UTC] PHP Deprecated:  preg_replace(): The /e modifier is deprecated, use preg_replace_callback instead in /Users/JohnS/Documents/fairfax-stars/wordpress/wp-content/themes/reatro/theme/classes/class-frontend.php on line 270
[27-Nov-2015 18:24:25 UTC] PHP Deprecated:  preg_replace(): The /e modifier is deprecated, use preg_replace_callback instead in /Users/JohnS/Documents/fairfax-stars/wordpress/wp-content/themes/reatro/theme/classes/class-frontend.php on line 268
[27-Nov-2015 18:24:25 UTC] PHP Deprecated:  preg_replace(): The /e modifier is deprecated, use preg_replace_callback instead in /Users/JohnS/Documents/fairfax-stars/wordpress/wp-content/themes/reatro/theme/classes/class-frontend.php on line 268
[27-Nov-2015 18:24:25 UTC] PHP Deprecated:  preg_replace(): The /e modifier is deprecated, use preg_replace_callback instead in /Users/JohnS/Documents/fairfax-stars/wordpress/wp-content/themes/reatro/theme/classes/class-frontend.php on line 268
[27-Nov-2015 18:24:28 UTC] PHP Deprecated:  preg_replace(): The /e modifier is deprecated, use preg_replace_callback instead in /Users/JohnS/Documents/fairfax-stars/wordpress/wp-content/themes/reatro/theme/classes/class-frontend.php on line 268
[27-Nov-2015 18:24:28 UTC] PHP Deprecated:  preg_replace(): The /e modifier is deprecated, use preg_replace_callback instead in /Users/JohnS/Documents/fairfax-stars/wordpress/wp-content/themes/reatro/theme/classes/class-frontend.php on line 268
[27-Nov-2015 18:24:28 UTC] PHP Deprecated:  preg_replace(): The /e modifier is deprecated, use preg_replace_callback instead in /Users/JohnS/Documents/fairfax-stars/wordpress/wp-content/themes/reatro/theme/classes/class-frontend.php on line 268
[27-Nov-2015 18:24:32 UTC] PHP Deprecated:  preg_replace(): The /e modifier is deprecated, use preg_replace_callback instead in /Users/JohnS/Documents/fairfax-stars/wordpress/wp-content/themes/reatro/theme/classes/class-frontend.php on line 268
[27-Nov-2015 18:24:32 UTC] PHP Deprecated:  preg_replace(): The /e modifier is deprecated, use preg_replace_callback instead in /Users/JohnS/Documents/fairfax-stars/wordpress/wp-content/themes/reatro/theme/classes/class-frontend.php on line 268
[27-Nov-2015 18:24:32 UTC] PHP Deprecated:  preg_replace(): The /e modifier is deprecated, use preg_replace_callback instead in /Users/JohnS/Documents/fairfax-stars/wordpress/wp-content/themes/reatro/theme/classes/class-frontend.php on line 268
[27-Nov-2015 18:24:43 UTC] PHP Deprecated:  preg_replace(): The /e modifier is deprecated, use preg_replace_callback instead in /Users/JohnS/Documents/fairfax-stars/wordpress/wp-content/themes/reatro/theme/classes/class-frontend.php on line 268
[27-Nov-2015 18:24:43 UTC] PHP Deprecated:  preg_replace(): The /e modifier is deprecated, use preg_replace_callback instead in /Users/JohnS/Documents/fairfax-stars/wordpress/wp-content/themes/reatro/theme/classes/class-frontend.php on line 268
[27-Nov-2015 18:24:43 UTC] PHP Deprecated:  preg_replace(): The /e modifier is deprecated, use preg_replace_callback instead in /Users/JohnS/Documents/fairfax-stars/wordpress/wp-content/themes/reatro/theme/classes/class-frontend.php on line 268
[27-Nov-2015 18:24:47 UTC] PHP Deprecated:  preg_replace(): The /e modifier is deprecated, use preg_replace_callback instead in /Users/JohnS/Documents/fairfax-stars/wordpress/wp-content/themes/reatro/theme/classes/class-frontend.php on line 268
[27-Nov-2015 18:24:47 UTC] PHP Deprecated:  preg_replace(): The /e modifier is deprecated, use preg_replace_callback instead in /Users/JohnS/Documents/fairfax-stars/wordpress/wp-content/themes/reatro/theme/classes/class-frontend.php on line 268
[27-Nov-2015 18:24:47 UTC] PHP Deprecated:  preg_replace(): The /e modifier is deprecated, use preg_replace_callback instead in /Users/JohnS/Documents/fairfax-stars/wordpress/wp-content/themes/reatro/theme/classes/class-frontend.php on line 268
[27-Nov-2015 18:25:00 UTC] PHP Deprecated:  preg_replace(): The /e modifier is deprecated, use preg_replace_callback instead in /Users/JohnS/Documents/fairfax-stars/wordpress/wp-content/themes/reatro/theme/classes/class-frontend.php on line 268
[27-Nov-2015 18:25:00 UTC] PHP Deprecated:  preg_replace(): The /e modifier is deprecated, use preg_replace_callback instead in /Users/JohnS/Documents/fairfax-stars/wordpress/wp-content/themes/reatro/theme/classes/class-frontend.php on line 268
[27-Nov-2015 18:25:00 UTC] PHP Deprecated:  preg_replace(): The /e modifier is deprecated, use preg_replace_callback instead in /Users/JohnS/Documents/fairfax-stars/wordpress/wp-content/themes/reatro/theme/classes/class-frontend.php on line 268
[27-Nov-2015 18:25:00 UTC] PHP Deprecated:  preg_replace(): The /e modifier is deprecated, use preg_replace_callback instead in /Users/JohnS/Documents/fairfax-stars/wordpress/wp-content/themes/reatro/theme/classes/class-frontend.php on line 268
[27-Nov-2015 18:25:00 UTC] PHP Deprecated:  preg_replace(): The /e modifier is deprecated, use preg_replace_callback instead in /Users/JohnS/Documents/fairfax-stars/wordpress/wp-content/themes/reatro/theme/classes/class-frontend.php on line 268
[27-Nov-2015 18:25:23 UTC] PHP Deprecated:  preg_replace(): The /e modifier is deprecated, use preg_replace_callback instead in /Users/JohnS/Documents/fairfax-stars/wordpress/wp-content/themes/reatro/theme/classes/class-frontend.php on line 268
[27-Nov-2015 18:25:23 UTC] PHP Deprecated:  preg_replace(): The /e modifier is deprecated, use preg_replace_callback instead in /Users/JohnS/Documents/fairfax-stars/wordpress/wp-content/themes/reatro/theme/classes/class-frontend.php on line 268
[27-Nov-2015 18:25:23 UTC] PHP Deprecated:  preg_replace(): The /e modifier is deprecated, use preg_replace_callback instead in /Users/JohnS/Documents/fairfax-stars/wordpress/wp-content/themes/reatro/theme/classes/class-frontend.php on line 268
[27-Nov-2015 18:25:23 UTC] PHP Deprecated:  preg_replace(): The /e modifier is deprecated, use preg_replace_callback instead in /Users/JohnS/Documents/fairfax-stars/wordpress/wp-content/themes/reatro/theme/classes/class-frontend.php on line 268
[27-Nov-2015 18:25:23 UTC] PHP Deprecated:  preg_replace(): The /e modifier is deprecated, use preg_replace_callback instead in /Users/JohnS/Documents/fairfax-stars/wordpress/wp-content/themes/reatro/theme/classes/class-frontend.php on line 268
[27-Nov-2015 18:25:40 UTC] PHP Deprecated:  preg_replace(): The /e modifier is deprecated, use preg_replace_callback instead in /Users/JohnS/Documents/fairfax-stars/wordpress/wp-content/themes/reatro/theme/classes/class-frontend.php on line 268
[27-Nov-2015 18:25:40 UTC] PHP Deprecated:  preg_replace(): The /e modifier is deprecated, use preg_replace_callback instead in /Users/JohnS/Documents/fairfax-stars/wordpress/wp-content/themes/reatro/theme/classes/class-frontend.php on line 268
[27-Nov-2015 18:25:40 UTC] PHP Deprecated:  preg_replace(): The /e modifier is deprecated, use preg_replace_callback instead in /Users/JohnS/Documents/fairfax-stars/wordpress/wp-content/themes/reatro/theme/classes/class-frontend.php on line 268
[27-Nov-2015 18:29:13 UTC] PHP Deprecated:  preg_replace(): The /e modifier is deprecated, use preg_replace_callback instead in /Users/JohnS/Documents/fairfax-stars/wordpress/wp-content/themes/reatro/theme/classes/class-frontend.php on line 268
[27-Nov-2015 18:29:13 UTC] PHP Deprecated:  preg_replace(): The /e modifier is deprecated, use preg_replace_callback instead in /Users/JohnS/Documents/fairfax-stars/wordpress/wp-content/themes/reatro/theme/classes/class-frontend.php on line 268
[27-Nov-2015 18:29:13 UTC] PHP Deprecated:  preg_replace(): The /e modifier is deprecated, use preg_replace_callback instead in /Users/JohnS/Documents/fairfax-stars/wordpress/wp-content/themes/reatro/theme/classes/class-frontend.php on line 268
[27-Nov-2015 18:29:15 UTC] PHP Deprecated:  preg_replace(): The /e modifier is deprecated, use preg_replace_callback instead in /Users/JohnS/Documents/fairfax-stars/wordpress/wp-content/themes/reatro/theme/classes/class-frontend.php on line 268
[27-Nov-2015 18:29:15 UTC] PHP Deprecated:  preg_replace(): The /e modifier is deprecated, use preg_replace_callback instead in /Users/JohnS/Documents/fairfax-stars/wordpress/wp-content/themes/reatro/theme/classes/class-frontend.php on line 268
[27-Nov-2015 18:29:15 UTC] PHP Deprecated:  preg_replace(): The /e modifier is deprecated, use preg_replace_callback instead in /Users/JohnS/Documents/fairfax-stars/wordpress/wp-content/themes/reatro/theme/classes/class-frontend.php on line 268
[27-Nov-2015 18:29:17 UTC] PHP Deprecated:  preg_replace(): The /e modifier is deprecated, use preg_replace_callback instead in /Users/JohnS/Documents/fairfax-stars/wordpress/wp-content/themes/reatro/theme/classes/class-frontend.php on line 268
[27-Nov-2015 18:29:17 UTC] PHP Deprecated:  preg_replace(): The /e modifier is deprecated, use preg_replace_callback instead in /Users/JohnS/Documents/fairfax-stars/wordpress/wp-content/themes/reatro/theme/classes/class-frontend.php on line 268
[27-Nov-2015 18:29:17 UTC] PHP Deprecated:  preg_replace(): The /e modifier is deprecated, use preg_replace_callback instead in /Users/JohnS/Documents/fairfax-stars/wordpress/wp-content/themes/reatro/theme/classes/class-frontend.php on line 268
[27-Nov-2015 18:29:17 UTC] PHP Deprecated:  preg_replace(): The /e modifier is deprecated, use preg_replace_callback instead in /Users/JohnS/Documents/fairfax-stars/wordpress/wp-content/themes/reatro/theme/classes/class-frontend.php on line 268
[27-Nov-2015 18:29:17 UTC] PHP Deprecated:  preg_replace(): The /e modifier is deprecated, use preg_replace_callback instead in /Users/JohnS/Documents/fairfax-stars/wordpress/wp-content/themes/reatro/theme/classes/class-frontend.php on line 268
[27-Nov-2015 18:29:21 UTC] PHP Deprecated:  preg_replace(): The /e modifier is deprecated, use preg_replace_callback instead in /Users/JohnS/Documents/fairfax-stars/wordpress/wp-content/themes/reatro/theme/classes/class-frontend.php on line 268
[27-Nov-2015 18:29:21 UTC] PHP Deprecated:  preg_replace(): The /e modifier is deprecated, use preg_replace_callback instead in /Users/JohnS/Documents/fairfax-stars/wordpress/wp-content/themes/reatro/theme/classes/class-frontend.php on line 268
[27-Nov-2015 18:29:21 UTC] PHP Deprecated:  preg_replace(): The /e modifier is deprecated, use preg_replace_callback instead in /Users/JohnS/Documents/fairfax-stars/wordpress/wp-content/themes/reatro/theme/classes/class-frontend.php on line 268
[27-Nov-2015 18:29:24 UTC] PHP Deprecated:  preg_replace(): The /e modifier is deprecated, use preg_replace_callback instead in /Users/JohnS/Documents/fairfax-stars/wordpress/wp-content/themes/reatro/theme/classes/class-frontend.php on line 268
[27-Nov-2015 18:29:24 UTC] PHP Deprecated:  preg_replace(): The /e modifier is deprecated, use preg_replace_callback instead in /Users/JohnS/Documents/fairfax-stars/wordpress/wp-content/themes/reatro/theme/classes/class-frontend.php on line 268
[27-Nov-2015 18:29:24 UTC] PHP Deprecated:  preg_replace(): The /e modifier is deprecated, use preg_replace_callback instead in /Users/JohnS/Documents/fairfax-stars/wordpress/wp-content/themes/reatro/theme/classes/class-frontend.php on line 268
[27-Nov-2015 18:29:36 UTC] PHP Deprecated:  preg_replace(): The /e modifier is deprecated, use preg_replace_callback instead in /Users/JohnS/Documents/fairfax-stars/wordpress/wp-content/themes/reatro/theme/classes/class-frontend.php on line 268
[27-Nov-2015 18:29:36 UTC] PHP Deprecated:  preg_replace(): The /e modifier is deprecated, use preg_replace_callback instead in /Users/JohnS/Documents/fairfax-stars/wordpress/wp-content/themes/reatro/theme/classes/class-frontend.php on line 268
[27-Nov-2015 18:29:36 UTC] PHP Deprecated:  preg_replace(): The /e modifier is deprecated, use preg_replace_callback instead in /Users/JohnS/Documents/fairfax-stars/wordpress/wp-content/themes/reatro/theme/classes/class-frontend.php on line 268
[27-Nov-2015 18:29:40 UTC] PHP Deprecated:  preg_replace(): The /e modifier is deprecated, use preg_replace_callback instead in /Users/JohnS/Documents/fairfax-stars/wordpress/wp-content/themes/reatro/theme/classes/class-frontend.php on line 268
[27-Nov-2015 18:29:40 UTC] PHP Deprecated:  preg_replace(): The /e modifier is deprecated, use preg_replace_callback instead in /Users/JohnS/Documents/fairfax-stars/wordpress/wp-content/themes/reatro/theme/classes/class-frontend.php on line 268
[27-Nov-2015 18:29:40 UTC] PHP Deprecated:  preg_replace(): The /e modifier is deprecated, use preg_replace_callback instead in /Users/JohnS/Documents/fairfax-stars/wordpress/wp-content/themes/reatro/theme/classes/class-frontend.php on line 268
[27-Nov-2015 18:31:03 UTC] PHP Deprecated:  preg_replace(): The /e modifier is deprecated, use preg_replace_callback instead in /Users/JohnS/Documents/fairfax-stars/wordpress/wp-content/themes/reatro/theme/classes/class-frontend.php on line 268
[27-Nov-2015 18:31:03 UTC] PHP Deprecated:  preg_replace(): The /e modifier is deprecated, use preg_replace_callback instead in /Users/JohnS/Documents/fairfax-stars/wordpress/wp-content/themes/reatro/theme/classes/class-frontend.php on line 268
[27-Nov-2015 18:31:03 UTC] PHP Deprecated:  preg_replace(): The /e modifier is deprecated, use preg_replace_callback instead in /Users/JohnS/Documents/fairfax-stars/wordpress/wp-content/themes/reatro/theme/classes/class-frontend.php on line 268
[27-Nov-2015 18:31:46 UTC] PHP Deprecated:  preg_replace(): The /e modifier is deprecated, use preg_replace_callback instead in /Users/JohnS/Documents/fairfax-stars/wordpress/wp-content/themes/reatro/theme/classes/class-frontend.php on line 268
[27-Nov-2015 18:31:46 UTC] PHP Deprecated:  preg_replace(): The /e modifier is deprecated, use preg_replace_callback instead in /Users/JohnS/Documents/fairfax-stars/wordpress/wp-content/themes/reatro/theme/classes/class-frontend.php on line 268
[27-Nov-2015 18:31:46 UTC] PHP Deprecated:  preg_replace(): The /e modifier is deprecated, use preg_replace_callback instead in /Users/JohnS/Documents/fairfax-stars/wordpress/wp-content/themes/reatro/theme/classes/class-frontend.php on line 268
[27-Nov-2015 18:31:49 UTC] PHP Deprecated:  preg_replace(): The /e modifier is deprecated, use preg_replace_callback instead in /Users/JohnS/Documents/fairfax-stars/wordpress/wp-content/themes/reatro/theme/classes/class-frontend.php on line 268
[27-Nov-2015 18:31:49 UTC] PHP Deprecated:  preg_replace(): The /e modifier is deprecated, use preg_replace_callback instead in /Users/JohnS/Documents/fairfax-stars/wordpress/wp-content/themes/reatro/theme/classes/class-frontend.php on line 268
[27-Nov-2015 18:31:49 UTC] PHP Deprecated:  preg_replace(): The /e modifier is deprecated, use preg_replace_callback instead in /Users/JohnS/Documents/fairfax-stars/wordpress/wp-content/themes/reatro/theme/classes/class-frontend.php on line 268
[27-Nov-2015 18:31:49 UTC] PHP Deprecated:  preg_replace(): The /e modifier is deprecated, use preg_replace_callback instead in /Users/JohnS/Documents/fairfax-stars/wordpress/wp-content/themes/reatro/theme/classes/class-frontend.php on line 268
[27-Nov-2015 18:31:49 UTC] PHP Deprecated:  preg_replace(): The /e modifier is deprecated, use preg_replace_callback instead in /Users/JohnS/Documents/fairfax-stars/wordpress/wp-content/themes/reatro/theme/classes/class-frontend.php on line 268
[27-Nov-2015 18:32:04 UTC] PHP Deprecated:  preg_replace(): The /e modifier is deprecated, use preg_replace_callback instead in /Users/JohnS/Documents/fairfax-stars/wordpress/wp-content/themes/reatro/theme/classes/class-frontend.php on line 268
[27-Nov-2015 18:32:04 UTC] PHP Deprecated:  preg_replace(): The /e modifier is deprecated, use preg_replace_callback instead in /Users/JohnS/Documents/fairfax-stars/wordpress/wp-content/themes/reatro/theme/classes/class-frontend.php on line 268
[27-Nov-2015 18:32:04 UTC] PHP Deprecated:  preg_replace(): The /e modifier is deprecated, use preg_replace_callback instead in /Users/JohnS/Documents/fairfax-stars/wordpress/wp-content/themes/reatro/theme/classes/class-frontend.php on line 268
[28-Nov-2015 15:50:35 UTC] PHP Warning:  An unexpected error occurred. Something may be wrong with WordPress.org or this server&#8217;s configuration. If you continue to have problems, please try the <a href="https://wordpress.org/support/">support forums</a>. (WordPress could not establish a secure connection to WordPress.org. Please contact your server administrator.) in /Users/JohnS/Documents/fairfax-stars/wordpress/wp-includes/update.php on line 122
[28-Nov-2015 15:50:35 UTC] PHP Warning:  An unexpected error occurred. Something may be wrong with WordPress.org or this server&#8217;s configuration. If you continue to have problems, please try the <a href="https://wordpress.org/support/">support forums</a>. (WordPress could not establish a secure connection to WordPress.org. Please contact your server administrator.) in /Users/JohnS/Documents/fairfax-stars/wordpress/wp-includes/update.php on line 302
[28-Nov-2015 15:50:35 UTC] PHP Warning:  An unexpected error occurred. Something may be wrong with WordPress.org or this server&#8217;s configuration. If you continue to have problems, please try the <a href="https://wordpress.org/support/">support forums</a>. (WordPress could not establish a secure connection to WordPress.org. Please contact your server administrator.) in /Users/JohnS/Documents/fairfax-stars/wordpress/wp-includes/update.php on line 466
[28-Nov-2015 15:50:36 UTC] PHP Notice:  Undefined variable: data in /Users/JohnS/Documents/fairfax-stars/wordpress/wp-content/plugins/LayerSlider/classes/class.km.autoupdate.v3.php on line 183
[28-Nov-2015 15:50:36 UTC] PHP Notice:  Trying to get property of non-object in /Users/JohnS/Documents/fairfax-stars/wordpress/wp-content/plugins/LayerSlider/classes/class.km.autoupdate.v3.php on line 183
[28-Nov-2015 15:50:36 UTC] PHP Warning:  An unexpected error occurred. Something may be wrong with WordPress.org or this server&#8217;s configuration. If you continue to have problems, please try the <a href="https://wordpress.org/support/">support forums</a>. (WordPress could not establish a secure connection to WordPress.org. Please contact your server administrator.) in /Users/JohnS/Documents/fairfax-stars/wordpress/wp-includes/update.php on line 302
[28-Nov-2015 15:50:36 UTC] PHP Warning:  An unexpected error occurred. Something may be wrong with WordPress.org or this server&#8217;s configuration. If you continue to have problems, please try the <a href="https://wordpress.org/support/">support forums</a>. (WordPress could not establish a secure connection to WordPress.org. Please contact your server administrator.) in /Users/JohnS/Documents/fairfax-stars/wordpress/wp-includes/update.php on line 466
[28-Nov-2015 15:50:36 UTC] PHP Warning:  An unexpected error occurred. Something may be wrong with WordPress.org or this server&#8217;s configuration. If you continue to have problems, please try the <a href="https://wordpress.org/support/">support forums</a>. (WordPress could not establish a secure connection to WordPress.org. Please contact your server administrator.) in /Users/JohnS/Documents/fairfax-stars/wordpress/wp-includes/update.php on line 466
[28-Nov-2015 15:50:36 UTC] PHP Notice:  Undefined variable: data in /Users/JohnS/Documents/fairfax-stars/wordpress/wp-content/plugins/LayerSlider/classes/class.km.autoupdate.v3.php on line 183
[28-Nov-2015 15:50:36 UTC] PHP Notice:  Trying to get property of non-object in /Users/JohnS/Documents/fairfax-stars/wordpress/wp-content/plugins/LayerSlider/classes/class.km.autoupdate.v3.php on line 183
[28-Nov-2015 15:50:36 UTC] PHP Warning:  An unexpected error occurred. Something may be wrong with WordPress.org or this server&#8217;s configuration. If you continue to have problems, please try the <a href="https://wordpress.org/support/">support forums</a>. (WordPress could not establish a secure connection to WordPress.org. Please contact your server administrator.) in /Users/JohnS/Documents/fairfax-stars/wordpress/wp-includes/update.php on line 302
